<?xml version="1.0" encoding="UTF-8"?>
<coverage generated="1535443406333" clover="3.2.0">
  <project timestamp="1535443406333" name="All files">
    <metrics statements="27" coveredstatements="9" conditionals="2" coveredconditionals="0" methods="8" coveredmethods="0" elements="37" coveredelements="9" complexity="0" loc="27" ncloc="27" packages="1" files="1" classes="1">
      <file name="index.tsx" path="/Users/oxc1/Desktop/ts-react-webpack/src/containers/views/Login/index.tsx">
        <metrics statements="27" coveredstatements="9" conditionals="2" coveredconditionals="0" methods="8" coveredmethods="0"/>
        <line num="1" count="1" type="stmt"/>
        <line num="2" count="1" type="stmt"/>
        <line num="3" count="1" type="stmt"/>
        <line num="4" count="1" type="stmt"/>
        <line num="7" count="1" type="stmt"/>
        <line num="9" count="1" type="stmt"/>
        <line num="18" count="0" type="stmt"/>
        <line num="19" count="0" type="stmt"/>
        <line num="20" count="0" type="stmt"/>
        <line num="27" count="1" type="stmt"/>
        <line num="29" count="1" type="stmt"/>
        <line num="31" count="0" type="stmt"/>
        <line num="32" count="0" type="stmt"/>
        <line num="33" count="0" type="stmt"/>
        <line num="34" count="0" type="stmt"/>
        <line num="35" count="0" type="cond" truecount="0" falsecount="2"/>
        <line num="36" count="0" type="stmt"/>
        <line num="37" count="0" type="stmt"/>
        <line num="39" count="0" type="stmt"/>
        <line num="40" count="0" type="stmt"/>
        <line num="41" count="0" type="stmt"/>
        <line num="43" count="0" type="stmt"/>
        <line num="45" count="0" type="stmt"/>
        <line num="46" count="0" type="stmt"/>
        <line num="54" count="0" type="stmt"/>
        <line num="55" count="0" type="stmt"/>
        <line num="101" count="1" type="stmt"/>
      </file>
    </metrics>
  </project>
</coverage>
