{"/Users/oxc1/Desktop/ts-react-webpack/src/containers/views/Login/index.tsx": {"path":"/Users/oxc1/Desktop/ts-react-webpack/src/containers/views/Login/index.tsx","statementMap":{"0":{"start":{"line":1,"column":0},"end":{"line":1,"column":29}},"1":{"start":{"line":2,"column":0},"end":{"line":2,"column":44}},"2":{"start":{"line":3,"column":0},"end":{"line":3,"column":45}},"3":{"start":{"line":4,"column":0},"end":{"line":4,"column":47}},"4":{"start":{"line":7,"column":0},"end":{"line":7,"column":37}},"5":{"start":{"line":9,"column":17},"end":{"line":9,"column":26}},"6":{"start":{"line":27,"column":0},"end":{"line":99,"column":1}},"7":{"start":{"line":29,"column":12},"end":{"line":29,"column":36}},"8":{"start":{"line":31,"column":4},"end":{"line":51,"column":5}},"9":{"start":{"line":32,"column":8},"end":{"line":32,"column":26}},"10":{"start":{"line":33,"column":8},"end":{"line":50,"column":9}},"11":{"start":{"line":34,"column":48},"end":{"line":49,"column":13}},"12":{"start":{"line":35,"column":16},"end":{"line":48,"column":17}},"13":{"start":{"line":36,"column":20},"end":{"line":38,"column":22}},"14":{"start":{"line":37,"column":24},"end":{"line":37,"column":43}},"15":{"start":{"line":39,"column":20},"end":{"line":44,"column":21}},"16":{"start":{"line":40,"column":24},"end":{"line":40,"column":54}},"17":{"start":{"line":41,"column":24},"end":{"line":41,"column":67}},"18":{"start":{"line":43,"column":24},"end":{"line":43,"column":42}},"19":{"start":{"line":45,"column":20},"end":{"line":47,"column":22}},"20":{"start":{"line":46,"column":24},"end":{"line":46,"column":44}},"21":{"start":{"line":54,"column":38},"end":{"line":54,"column":53}},"22":{"start":{"line":55,"column":8},"end":{"line":97,"column":9}},"23":{"start":{"line":29,"column":4},"end":{"line":29,"column":36}},"24":{"start":{"line":27,"column":6},"end":{"line":99,"column":1}},"25":{"start":{"line":18,"column":43},"end":{"line":18,"column":48}},"26":{"start":{"line":19,"column":26},"end":{"line":19,"column":35}},"27":{"start":{"line":20,"column":8},"end":{"line":23,"column":9}},"28":{"start":{"line":101,"column":0},"end":{"line":101,"column":39}}},"fnMap":{"0":{"name":"(anonymous_0)","decl":{"start":{"line":16,"column":0},"end":{"line":null,"column":-1}},"loc":{"start":{"line":16,"column":0},"end":{"line":99,"column":1}}},"1":{"name":"(anonymous_1)","decl":{"start":{"line":31,"column":13},"end":{"line":31,"column":14}},"loc":{"start":{"line":31,"column":47},"end":{"line":51,"column":5}}},"2":{"name":"(anonymous_2)","decl":{"start":{"line":34,"column":12},"end":{"line":34,"column":19}},"loc":{"start":{"line":34,"column":48},"end":{"line":49,"column":13}}},"3":{"name":"(anonymous_3)","decl":{"start":{"line":34,"column":48},"end":{"line":null,"column":-1}},"loc":{"start":{"line":34,"column":48},"end":{"line":49,"column":13}}},"4":{"name":"(anonymous_4)","decl":{"start":{"line":36,"column":54},"end":{"line":36,"column":56}},"loc":{"start":{"line":36,"column":59},"end":{"line":38,"column":21}}},"5":{"name":"(anonymous_5)","decl":{"start":{"line":45,"column":54},"end":{"line":45,"column":56}},"loc":{"start":{"line":45,"column":59},"end":{"line":47,"column":21}}},"6":{"name":"(anonymous_6)","decl":{"start":{"line":53,"column":4},"end":{"line":53,"column":9}},"loc":{"start":{"line":53,"column":10},"end":{"line":98,"column":5}}},"7":{"name":"(anonymous_7)","decl":{"start":{"line":17,"column":4},"end":{"line":17,"column":5}},"loc":{"start":{"line":17,"column":35},"end":{"line":24,"column":5}}}},"branchMap":{"0":{"loc":{"start":{"line":35,"column":16},"end":{"line":48,"column":17}},"type":"if","locations":[{"start":{"line":35,"column":16},"end":{"line":48,"column":17}},{"start":{"line":35,"column":16},"end":{"line":48,"column":17}}]}},"s":{"0":1,"1":1,"2":1,"3":1,"4":1,"5":1,"6":1,"7":0,"8":0,"9":0,"10":0,"11":0,"12":0,"13":0,"14":0,"15":0,"16":0,"17":0,"18":0,"19":0,"20":0,"21":0,"22":0,"23":1,"24":1,"25":0,"26":0,"27":0,"28":1},"f":{"0":0,"1":0,"2":0,"3":0,"4":0,"5":0,"6":0,"7":0},"b":{"0":[0,0]}}
}
