TN:
SF:/Users/oxc1/Desktop/ts-react-webpack/src/containers/views/Login/index.tsx
FN:16,(anonymous_0)
FN:31,(anonymous_1)
FN:34,(anonymous_2)
FN:34,(anonymous_3)
FN:36,(anonymous_4)
FN:45,(anonymous_5)
FN:53,(anonymous_6)
FN:17,(anonymous_7)
FNF:8
FNH:0
FNDA:0,(anonymous_0)
FNDA:0,(anonymous_1)
FNDA:0,(anonymous_2)
FNDA:0,(anonymous_3)
FNDA:0,(anonymous_4)
FNDA:0,(anonymous_5)
FNDA:0,(anonymous_6)
FNDA:0,(anonymous_7)
DA:1,1
DA:2,1
DA:3,1
DA:4,1
DA:7,1
DA:9,1
DA:18,0
DA:19,0
DA:20,0
DA:27,1
DA:29,1
DA:31,0
DA:32,0
DA:33,0
DA:34,0
DA:35,0
DA:36,0
DA:37,0
DA:39,0
DA:40,0
DA:41,0
DA:43,0
DA:45,0
DA:46,0
DA:54,0
DA:55,0
DA:101,1
LF:27
LH:9
BRDA:35,0,0,0
BRDA:35,0,1,0
BRF:2
BRH:0
end_of_record
